#
# There is insufficient memory for the Java Runtime Environment to continue.
# Native memory allocation (mmap) failed to map 264241152 bytes for Failed to commit area from 0x0000000704200000 to 0x0000000713e00000 of length 264241152.
# Possible reasons:
#   The system is out of physical RAM or swap space
#   The process is running with CompressedOops enabled, and the Java Heap may be blocking the growth of the native heap
# Possible solutions:
#   Reduce memory load on the system
#   Increase physical memory or swap space
#   Check if swap backing store is full
#   Decrease Java heap size (-Xmx/-Xms)
#   Decrease number of Java threads
#   Decrease Java thread stack sizes (-Xss)
#   Set larger code cache with -XX:ReservedCodeCacheSize=
# This output file may be truncated or incomplete.
#
#  Out of Memory Error (t:/workspace/open/src/hotspot/os/windows/os_windows.cpp:3301), pid=12864, tid=19684
#
# JRE version:  (13.0.2+8) (build )
# Java VM: OpenJDK 64-Bit Server VM (13.0.2+8, mixed mode, aot, sharing, tiered, compressed oops, g1 gc, windows-amd64)
# No core dump will be written. Minidumps are not enabled by default on client versions of Windows
#

---------------  S U M M A R Y ------------

Command Line: -Dfile.encoding=MS949 stepbystep.수학1.달팽이는_올라가고_싶다

Host: Intel(R) Core(TM) i5-1035G7 CPU @ 1.20GHz, 8 cores, 15G,  Windows 10 , 64 bit Build 19041 (10.0.19041.1706)
Time: Sun May 29 20:29:11 2022 대한민국 표준시 elapsed time: 0 seconds (0d 0h 0m 0s)

---------------  T H R E A D  ---------------

Current thread (0x0000021f59fa9000):  JavaThread "Unknown thread" [_thread_in_vm, id=19684, stack(0x000000d96c400000,0x000000d96c500000)]

Stack: [0x000000d96c400000,0x000000d96c500000]
Native frames: (J=compiled Java code, j=interpreted, Vv=VM code, C=native code)
V  [jvm.dll+0x624f9a]
V  [jvm.dll+0x770cfa]
V  [jvm.dll+0x7724af]
V  [jvm.dll+0x772ab3]
V  [jvm.dll+0x24bf08]
V  [jvm.dll+0x6222aa]
V  [jvm.dll+0x6170b5]
V  [jvm.dll+0x30a88c]
V  [jvm.dll+0x30a6c2]
V  [jvm.dll+0x30fe36]
V  [jvm.dll+0x353f46]
V  [jvm.dll+0x353720]
V  [jvm.dll+0x2e550a]
V  [jvm.dll+0x2e67a2]
V  [jvm.dll+0x74dd78]
V  [jvm.dll+0x361989]
V  [jvm.dll+0x730e65]
V  [jvm.dll+0x3cc53f]
V  [jvm.dll+0x3ce861]
C  [jli.dll+0x51ff]
C  [ucrtbase.dll+0x21bb2]
C  [KERNEL32.DLL+0x17034]
C  [ntdll.dll+0x52651]


---------------  P R O C E S S  ---------------

Threads class SMR info:
_java_thread_list=0x00007fff29e6ccb8, length=0, elements={
}

Java Threads: ( => current thread )

Other Threads:
  0x0000021f5a013800 GCTaskThread "GC Thread#0" [stack: 0x000000d96c500000,0x000000d96c600000] [id=12904]
  0x0000021f5a035000 ConcurrentGCThread "G1 Main Marker" [stack: 0x000000d96c600000,0x000000d96c700000] [id=2648]
  0x0000021f5a038000 ConcurrentGCThread "G1 Conc#0" [stack: 0x000000d96c700000,0x000000d96c800000] [id=19252]

[error occurred during error reporting (printing all threads), id 0xc0000005, EXCEPTION_ACCESS_VIOLATION (0xc0000005) at pc=0x00007fff296a51d7]

VM state:not at safepoint (not fully initialized)

VM Mutex/Monitor currently owned by a thread:  ([mutex/lock_event])
[0x0000021f59fa56b0] Heap_lock - owner thread: 0x0000021f59fa9000

Heap address: 0x0000000704200000, size: 4030 MB, Compressed Oops mode: Non-zero based: 0x0000000704200000
Narrow klass base: 0x0000000000000000, Narrow klass shift: 0

GC Heap History (0 events):
No events

Deoptimization events (0 events):
No events

Classes unloaded (0 events):
No events

Classes redefined (0 events):
No events

Internal exceptions (0 events):
No events

Events (8 events):
Event: 0.033 Loaded shared library C:\Program Files\java\jdk-13.0.2\bin\zip.dll
Event: 0.035 Loaded shared library C:\Program Files\java\jdk-13.0.2\bin\jimage.dll
Event: 0.039 Loading shared library C:\Program Files\java\jdk-13.0.2\lib\libjava.base-coop.dll failed, error code 126
Event: 0.039 Loading shared library C:\Program Files\java\jdk-13.0.2\lib\libjava.logging-coop.dll failed, error code 126
Event: 0.039 Loading shared library C:\Program Files\java\jdk-13.0.2\lib\libjdk.compiler-coop.dll failed, error code 126
Event: 0.040 Loading shared library C:\Program Files\java\jdk-13.0.2\lib\libjdk.scripting.nashorn-coop.dll failed, error code 126
Event: 0.040 Loading shared library C:\Program Files\java\jdk-13.0.2\lib\libjdk.internal.vm.ci-coop.dll failed, error code 126
Event: 0.040 Loading shared library C:\Program Files\java\jdk-13.0.2\lib\libjdk.internal.vm.compiler-coop.dll failed, error code 126


Dynamic libraries:
0x00007ff7549c0000 - 0x00007ff7549cd000 	C:\Program Files\java\jdk-13.0.2\bin\javaw.exe
0x00007fff8a290000 - 0x00007fff8a485000 	C:\WINDOWS\SYSTEM32\ntdll.dll
0x00007fff89720000 - 0x00007fff897dd000 	C:\WINDOWS\System32\KERNEL32.DLL
0x00007fff88010000 - 0x00007fff882dd000 	C:\WINDOWS\System32\KERNELBASE.dll
0x00007fff879a0000 - 0x00007fff87aa0000 	C:\WINDOWS\System32\ucrtbase.dll
0x00007fff82550000 - 0x00007fff82568000 	C:\Program Files\java\jdk-13.0.2\bin\jli.dll
0x00007fff893d0000 - 0x00007fff89570000 	C:\WINDOWS\System32\USER32.dll
0x00007fff87f40000 - 0x00007fff87f62000 	C:\WINDOWS\System32\win32u.dll
0x00007fff897e0000 - 0x00007fff8980a000 	C:\WINDOWS\System32\GDI32.dll
0x00007fff87e30000 - 0x00007fff87f3b000 	C:\WINDOWS\System32\gdi32full.dll
0x00007fff87f70000 - 0x00007fff8800d000 	C:\WINDOWS\System32\msvcp_win.dll
0x00007fff80f50000 - 0x00007fff80f65000 	C:\Program Files\java\jdk-13.0.2\bin\VCRUNTIME140.dll
0x00007fff709c0000 - 0x00007fff70c5a000 	C:\WINDOWS\WinSxS\amd64_microsoft.windows.common-controls_6595b64144ccf1df_6.0.19041.1110_none_60b5254171f9507e\COMCTL32.dll
0x00007fff882e0000 - 0x00007fff8837e000 	C:\WINDOWS\System32\msvcrt.dll
0x00007fff88950000 - 0x00007fff88980000 	C:\WINDOWS\System32\IMM32.DLL
0x00007fff7ef20000 - 0x00007fff7efbb000 	C:\Program Files\java\jdk-13.0.2\bin\msvcp140.dll
0x00007fff293b0000 - 0x00007fff29f0d000 	C:\Program Files\java\jdk-13.0.2\bin\server\jvm.dll
0x00007fff89bf0000 - 0x00007fff89c9e000 	C:\WINDOWS\System32\ADVAPI32.dll
0x00007fff89d00000 - 0x00007fff89d9c000 	C:\WINDOWS\System32\sechost.dll
0x00007fff892a0000 - 0x00007fff893c5000 	C:\WINDOWS\System32\RPCRT4.dll
0x00007fff89810000 - 0x00007fff89818000 	C:\WINDOWS\System32\PSAPI.DLL
0x00007fff6a6e0000 - 0x00007fff6a6e9000 	C:\WINDOWS\SYSTEM32\WSOCK32.dll
0x00007fff8a1e0000 - 0x00007fff8a24b000 	C:\WINDOWS\System32\WS2_32.dll
0x00007fff65590000 - 0x00007fff655b7000 	C:\WINDOWS\SYSTEM32\WINMM.dll
0x00007fff7e6b0000 - 0x00007fff7e6ba000 	C:\WINDOWS\SYSTEM32\VERSION.dll
0x00007fff86230000 - 0x00007fff86242000 	C:\WINDOWS\SYSTEM32\kernel.appcore.dll
0x00007fff825f0000 - 0x00007fff82600000 	C:\Program Files\java\jdk-13.0.2\bin\verify.dll
0x00007fff85780000 - 0x00007fff85964000 	C:\WINDOWS\SYSTEM32\DBGHELP.DLL
0x00007fff849a0000 - 0x00007fff849cc000 	C:\WINDOWS\SYSTEM32\dbgcore.DLL
0x00007fff87da0000 - 0x00007fff87e22000 	C:\WINDOWS\System32\bcryptPrimitives.dll
0x00007fff80f20000 - 0x00007fff80f46000 	C:\Program Files\java\jdk-13.0.2\bin\java.dll
0x00007fff80f00000 - 0x00007fff80f17000 	C:\Program Files\java\jdk-13.0.2\bin\zip.dll
0x00007fff82540000 - 0x00007fff8254a000 	C:\Program Files\java\jdk-13.0.2\bin\jimage.dll

dbghelp: loaded successfully - version: 4.0.5 - missing functions: none
symbol engine: initialized successfully - sym options: 0x614 - pdb path: .;C:\Program Files\java\jdk-13.0.2\bin;C:\WINDOWS\SYSTEM32;C:\WINDOWS\WinSxS\amd64_microsoft.windows.common-controls_6595b64144ccf1df_6.0.19041.1110_none_60b5254171f9507e;C:\Program Files\java\jdk-13.0.2\bin\server

VM Arguments:
jvm_args: -Dfile.encoding=MS949 
java_command: stepbystep.수학1.달팽이는_올라가고_싶다
java_class_path (initial): C:\Users\KIM\git\backjonCodingTest\bin
Launcher Type: SUN_STANDARD

[Global flags]
     intx CICompilerCount                          = 4                                         {product} {ergonomic}
     uint ConcGCThreads                            = 2                                         {product} {ergonomic}
     uint G1ConcRefinementThreads                  = 8                                         {product} {ergonomic}
   size_t G1HeapRegionSize                         = 1048576                                   {product} {ergonomic}
    uintx GCDrainStackTargetSize                   = 64                                        {product} {ergonomic}
   size_t InitialHeapSize                          = 264241152                                 {product} {ergonomic}
   size_t MarkStackSize                            = 4194304                                   {product} {ergonomic}
   size_t MaxHeapSize                              = 4225761280                                {product} {ergonomic}
   size_t MinHeapDeltaBytes                        = 1048576                                   {product} {ergonomic}
   size_t MinHeapSize                              = 8388608                                   {product} {ergonomic}
    uintx NonNMethodCodeHeapSize                   = 5839372                                {pd product} {ergonomic}
    uintx NonProfiledCodeHeapSize                  = 122909434                              {pd product} {ergonomic}
    uintx ProfiledCodeHeapSize                     = 122909434                              {pd product} {ergonomic}
    uintx ReservedCodeCacheSize                    = 251658240                              {pd product} {ergonomic}
     bool SegmentedCodeCache                       = true                                      {product} {ergonomic}
   size_t SoftMaxHeapSize                          = 4225761280                             {manageable} {ergonomic}
     bool UseCompressedClassPointers               = true                                 {lp64_product} {ergonomic}
     bool UseCompressedOops                        = true                                 {lp64_product} {ergonomic}
     bool UseG1GC                                  = true                                      {product} {ergonomic}
     bool UseLargePagesIndividualAllocation        = false                                  {pd product} {ergonomic}

Logging:
Log output configuration:
 #0: stdout all=warning uptime,level,tags
 #1: stderr all=off uptime,level,tags

Environment Variables:
JAVA_HOME=C:\Program Files\java\jdk-11.0.14
CLASSPATH=C:\Program Files\java\jdk-11.0.14\lib;.;C:\Program Files (x86)\QuickTime\QTSystem\QTJava.zip;
PATH=C:\Program Files\Common Files\Oracle\Java\javapath;C:\app\KIM\product\18.0.0\dbhomeXE\bin;C:\app\KIM\product\21c\dbhomeXE\bin;C:\Program Files (x86)\H2\bin\bin;C:\Program Files\java\jdk-11.0.14\bin;C:\ProgramData\Anaconda3;C:\ProgramData\Anaconda3\Library\mingw-w64\bin;C:\ProgramData\Anaconda3\Library\usr\bin;C:\ProgramData\Anaconda3\Library\bin;C:\ProgramData\Anaconda3\Scripts;C:\WINDOWS\system32;C:\WINDOWS;C:\WINDOWS\System32\Wbem;C:\WINDOWS\System32\WindowsPowerShell\v1.0\;C:\WINDOWS\System32\OpenSSH\;C:\ProgramData\Microsoft\Windows\Start Menu\Programs\Python 3.7;D:\Git\cmd;C:\Program Files\nodejs\;D:\matlab\bin;C:\Program Files (x86)\QuickTime\QTSystem\;C:\ProgramData\chocolatey\bin;C:\ProgramData\chocolatey\lib\maven\apache-maven-3.8.2\bin;%ORACLE_HOME\bin%;C:\Program Files\MySQL\MySQL Server 8.0\bin;C:\Program Files (x86)\H2\bin\bin;C:\Program Files\java\jdk-11.0.14\bin;C:\ProgramData\Anaconda3;C:\ProgramData\Anaconda3\Library\mingw-w64\bin;C:\ProgramData\Anaconda3\Library\usr\bin;C:\ProgramData\Anaconda3\Library\bin;C:\ProgramData\Anaconda3\Scripts;C:\WINDOWS\system32;C:\WINDOWS;C:\WINDOWS\System32\Wbem;C:\WINDOWS\System32\WindowsPowerShell\v1.0\;C:\WINDOWS\System32\OpenSSH\;C:\ProgramData\Microsoft\Windows\Start Menu\Programs\Python 3.7;D:\Git\cmd;C:\Program Files\nodejs\;D:\matlab\bin;C:\Program Files (x86)\QuickTime\QTSystem\;C:\Users\KIM\AppData\Local\Microsoft\WindowsApps;C:\Users\KIM\AppData\Roaming\npm;C:\Users\KIM\AppData\Local\Programs\Microsoft VS Code\bin;D:\TomcatServer\apache-tomcat-8.5.72;
USERNAME=KIM
OS=Windows_NT
PROCESSOR_IDENTIFIER=Intel64 Family 6 Model 126 Stepping 5, GenuineIntel



---------------  S Y S T E M  ---------------

OS: Windows 10 , 64 bit Build 19041 (10.0.19041.1706)

CPU:total 8 (initial active 8) (4 cores per cpu, 2 threads per core) family 6 model 126 stepping 5, cmov, cx8, fxsr, mmx, sse, sse2, sse3, ssse3, sse4.1, sse4.2, popcnt, avx, avx2, aes, clmul, erms, 3dnowpref, lzcnt, ht, tsc, tscinvbit, bmi1, bmi2, adx, evex, sha, fma

Memory: 4k page, system-wide physical 16118M (7036M free)
TotalPageFile size 16118M (AvailPageFile size 94M)
current process WorkingSet (physical memory assigned to process): 10M, peak: 10M
current process commit charge ("private bytes"): 61M, peak: 312M

vm_info: OpenJDK 64-Bit Server VM (13.0.2+8) for windows-amd64 JRE (13.0.2+8), built on Dec 11 2019 09:20:05 by "mach5one" with unknown MS VC++:1916

END.
