#
# There is insufficient memory for the Java Runtime Environment to continue.
# Native memory allocation (mmap) failed to map 264241152 bytes for Failed to commit area from 0x0000000704200000 to 0x0000000713e00000 of length 264241152.
# Possible reasons:
#   The system is out of physical RAM or swap space
#   The process is running with CompressedOops enabled, and the Java Heap may be blocking the growth of the native heap
# Possible solutions:
#   Reduce memory load on the system
#   Increase physical memory or swap space
#   Check if swap backing store is full
#   Decrease Java heap size (-Xmx/-Xms)
#   Decrease number of Java threads
#   Decrease Java thread stack sizes (-Xss)
#   Set larger code cache with -XX:ReservedCodeCacheSize=
# This output file may be truncated or incomplete.
#
#  Out of Memory Error (t:/workspace/open/src/hotspot/os/windows/os_windows.cpp:3301), pid=8520, tid=14220
#
# JRE version:  (13.0.2+8) (build )
# Java VM: OpenJDK 64-Bit Server VM (13.0.2+8, mixed mode, aot, sharing, tiered, compressed oops, g1 gc, windows-amd64)
# No core dump will be written. Minidumps are not enabled by default on client versions of Windows
#

---------------  S U M M A R Y ------------

Command Line: -Dfile.encoding=MS949 stepbystep.문자열.단어의개수

Host: Intel(R) Core(TM) i5-1035G7 CPU @ 1.20GHz, 8 cores, 15G,  Windows 10 , 64 bit Build 19041 (10.0.19041.1706)
Time: Tue May 17 21:21:07 2022 대한민국 표준시 elapsed time: 0 seconds (0d 0h 0m 0s)

---------------  T H R E A D  ---------------

Current thread (0x0000016c8d96a800):  JavaThread "Unknown thread" [_thread_in_vm, id=14220, stack(0x00000043e2500000,0x00000043e2600000)]

Stack: [0x00000043e2500000,0x00000043e2600000]
Native frames: (J=compiled Java code, j=interpreted, Vv=VM code, C=native code)
V  [jvm.dll+0x624f9a]
V  [jvm.dll+0x770cfa]
V  [jvm.dll+0x7724af]
V  [jvm.dll+0x772ab3]
V  [jvm.dll+0x24bf08]
V  [jvm.dll+0x6222aa]
V  [jvm.dll+0x6170b5]
V  [jvm.dll+0x30a88c]
V  [jvm.dll+0x30a6c2]
V  [jvm.dll+0x30fe36]
V  [jvm.dll+0x353f46]
V  [jvm.dll+0x353720]
V  [jvm.dll+0x2e550a]
V  [jvm.dll+0x2e67a2]
V  [jvm.dll+0x74dd78]
V  [jvm.dll+0x361989]
V  [jvm.dll+0x730e65]
V  [jvm.dll+0x3cc53f]
V  [jvm.dll+0x3ce861]
C  [jli.dll+0x51ff]
C  [ucrtbase.dll+0x21bb2]
C  [KERNEL32.DLL+0x17034]
C  [ntdll.dll+0x52651]


---------------  P R O C E S S  ---------------

Threads class SMR info:
_java_thread_list=0x00007ff8db32ccb8, length=0, elements={
}

Java Threads: ( => current thread )

Other Threads:
  0x0000016c8d9d5000 GCTaskThread "GC Thread#0" [stack: 0x00000043e2600000,0x00000043e2700000] [id=11556]
  0x0000016c8d9f7800 ConcurrentGCThread "G1 Main Marker" [stack: 0x00000043e2700000,0x00000043e2800000] [id=15028]
  0x0000016c8d9fa000 ConcurrentGCThread "G1 Conc#0" [stack: 0x00000043e2800000,0x00000043e2900000] [id=17172]

[error occurred during error reporting (printing all threads), id 0xc0000005, EXCEPTION_ACCESS_VIOLATION (0xc0000005) at pc=0x00007ff8dab651d7]

VM state:not at safepoint (not fully initialized)

VM Mutex/Monitor currently owned by a thread:  ([mutex/lock_event])
[0x0000016c8d967b90] Heap_lock - owner thread: 0x0000016c8d96a800

Heap address: 0x0000000704200000, size: 4030 MB, Compressed Oops mode: Non-zero based: 0x0000000704200000
Narrow klass base: 0x0000000000000000, Narrow klass shift: 0

GC Heap History (0 events):
No events

Deoptimization events (0 events):
No events

Classes unloaded (0 events):
No events

Classes redefined (0 events):
No events

Internal exceptions (0 events):
No events

Events (8 events):
Event: 0.016 Loaded shared library C:\Program Files\java\jdk-13.0.2\bin\zip.dll
Event: 0.017 Loaded shared library C:\Program Files\java\jdk-13.0.2\bin\jimage.dll
Event: 0.019 Loading shared library C:\Program Files\java\jdk-13.0.2\lib\libjava.base-coop.dll failed, error code 126
Event: 0.020 Loading shared library C:\Program Files\java\jdk-13.0.2\lib\libjava.logging-coop.dll failed, error code 126
Event: 0.020 Loading shared library C:\Program Files\java\jdk-13.0.2\lib\libjdk.compiler-coop.dll failed, error code 126
Event: 0.020 Loading shared library C:\Program Files\java\jdk-13.0.2\lib\libjdk.scripting.nashorn-coop.dll failed, error code 126
Event: 0.020 Loading shared library C:\Program Files\java\jdk-13.0.2\lib\libjdk.internal.vm.ci-coop.dll failed, error code 126
Event: 0.020 Loading shared library C:\Program Files\java\jdk-13.0.2\lib\libjdk.internal.vm.compiler-coop.dll failed, error code 126


Dynamic libraries:
0x00007ff79d030000 - 0x00007ff79d03d000 	C:\Program Files\java\jdk-13.0.2\bin\javaw.exe
0x00007ff91c550000 - 0x00007ff91c745000 	C:\WINDOWS\SYSTEM32\ntdll.dll
0x00007ff91b820000 - 0x00007ff91b8dd000 	C:\WINDOWS\System32\KERNEL32.DLL
0x00007ff91a060000 - 0x00007ff91a32d000 	C:\WINDOWS\System32\KERNELBASE.dll
0x00007ff91a360000 - 0x00007ff91a460000 	C:\WINDOWS\System32\ucrtbase.dll
0x00007ff8f3f50000 - 0x00007ff8f3f65000 	C:\Program Files\java\jdk-13.0.2\bin\VCRUNTIME140.dll
0x00007ff8f3e90000 - 0x00007ff8f3ea8000 	C:\Program Files\java\jdk-13.0.2\bin\jli.dll
0x00007ff91c140000 - 0x00007ff91c2e0000 	C:\WINDOWS\System32\USER32.dll
0x00007ff91a030000 - 0x00007ff91a052000 	C:\WINDOWS\System32\win32u.dll
0x00007ff91bf00000 - 0x00007ff91bf2a000 	C:\WINDOWS\System32\GDI32.dll
0x00007ff919f20000 - 0x00007ff91a02b000 	C:\WINDOWS\System32\gdi32full.dll
0x00007ff919e80000 - 0x00007ff919f1d000 	C:\WINDOWS\System32\msvcp_win.dll
0x00007ff9042e0000 - 0x00007ff90457a000 	C:\WINDOWS\WinSxS\amd64_microsoft.windows.common-controls_6595b64144ccf1df_6.0.19041.1110_none_60b5254171f9507e\COMCTL32.dll
0x00007ff91b900000 - 0x00007ff91b99e000 	C:\WINDOWS\System32\msvcrt.dll
0x00007ff91bf40000 - 0x00007ff91bf70000 	C:\WINDOWS\System32\IMM32.DLL
0x00007ff8e64b0000 - 0x00007ff8e654b000 	C:\Program Files\java\jdk-13.0.2\bin\msvcp140.dll
0x00007ff8da870000 - 0x00007ff8db3cd000 	C:\Program Files\java\jdk-13.0.2\bin\server\jvm.dll
0x00007ff91c350000 - 0x00007ff91c3fe000 	C:\WINDOWS\System32\ADVAPI32.dll
0x00007ff91c0a0000 - 0x00007ff91c13c000 	C:\WINDOWS\System32\sechost.dll
0x00007ff91bf70000 - 0x00007ff91c095000 	C:\WINDOWS\System32\RPCRT4.dll
0x00007ff91bf30000 - 0x00007ff91bf38000 	C:\WINDOWS\System32\PSAPI.DLL
0x00007ff8f67f0000 - 0x00007ff8f6817000 	C:\WINDOWS\SYSTEM32\WINMM.dll
0x00007ff8fb3d0000 - 0x00007ff8fb3d9000 	C:\WINDOWS\SYSTEM32\WSOCK32.dll
0x00007ff91c2e0000 - 0x00007ff91c34b000 	C:\WINDOWS\System32\WS2_32.dll
0x00007ff90fd00000 - 0x00007ff90fd0a000 	C:\WINDOWS\SYSTEM32\VERSION.dll
0x00007ff9184f0000 - 0x00007ff918502000 	C:\WINDOWS\SYSTEM32\kernel.appcore.dll
0x00007ff912ec0000 - 0x00007ff912ed0000 	C:\Program Files\java\jdk-13.0.2\bin\verify.dll
0x00007ff9178f0000 - 0x00007ff917ad4000 	C:\WINDOWS\SYSTEM32\DBGHELP.DLL
0x00007ff916c60000 - 0x00007ff916c8c000 	C:\WINDOWS\SYSTEM32\dbgcore.DLL
0x00007ff91a460000 - 0x00007ff91a4e2000 	C:\WINDOWS\System32\bcryptPrimitives.dll
0x00007ff8f3cb0000 - 0x00007ff8f3cd6000 	C:\Program Files\java\jdk-13.0.2\bin\java.dll
0x00007ff8f3bd0000 - 0x00007ff8f3be7000 	C:\Program Files\java\jdk-13.0.2\bin\zip.dll
0x00007ff912450000 - 0x00007ff91245a000 	C:\Program Files\java\jdk-13.0.2\bin\jimage.dll

dbghelp: loaded successfully - version: 4.0.5 - missing functions: none
symbol engine: initialized successfully - sym options: 0x614 - pdb path: .;C:\Program Files\java\jdk-13.0.2\bin;C:\WINDOWS\SYSTEM32;C:\WINDOWS\WinSxS\amd64_microsoft.windows.common-controls_6595b64144ccf1df_6.0.19041.1110_none_60b5254171f9507e;C:\Program Files\java\jdk-13.0.2\bin\server

VM Arguments:
jvm_args: -Dfile.encoding=MS949 
java_command: stepbystep.문자열.단어의개수
java_class_path (initial): C:\Users\KIM\git\backjonCodingTest\bin
Launcher Type: SUN_STANDARD

[Global flags]
     intx CICompilerCount                          = 4                                         {product} {ergonomic}
     uint ConcGCThreads                            = 2                                         {product} {ergonomic}
     uint G1ConcRefinementThreads                  = 8                                         {product} {ergonomic}
   size_t G1HeapRegionSize                         = 1048576                                   {product} {ergonomic}
    uintx GCDrainStackTargetSize                   = 64                                        {product} {ergonomic}
   size_t InitialHeapSize                          = 264241152                                 {product} {ergonomic}
   size_t MarkStackSize                            = 4194304                                   {product} {ergonomic}
   size_t MaxHeapSize                              = 4225761280                                {product} {ergonomic}
   size_t MinHeapDeltaBytes                        = 1048576                                   {product} {ergonomic}
   size_t MinHeapSize                              = 8388608                                   {product} {ergonomic}
    uintx NonNMethodCodeHeapSize                   = 5839372                                {pd product} {ergonomic}
    uintx NonProfiledCodeHeapSize                  = 122909434                              {pd product} {ergonomic}
    uintx ProfiledCodeHeapSize                     = 122909434                              {pd product} {ergonomic}
    uintx ReservedCodeCacheSize                    = 251658240                              {pd product} {ergonomic}
     bool SegmentedCodeCache                       = true                                      {product} {ergonomic}
   size_t SoftMaxHeapSize                          = 4225761280                             {manageable} {ergonomic}
     bool UseCompressedClassPointers               = true                                 {lp64_product} {ergonomic}
     bool UseCompressedOops                        = true                                 {lp64_product} {ergonomic}
     bool UseG1GC                                  = true                                      {product} {ergonomic}
     bool UseLargePagesIndividualAllocation        = false                                  {pd product} {ergonomic}

Logging:
Log output configuration:
 #0: stdout all=warning uptime,level,tags
 #1: stderr all=off uptime,level,tags

Environment Variables:
JAVA_HOME=C:\Program Files\java\jdk-11.0.14
CLASSPATH=C:\Program Files\java\jdk-11.0.14\lib;.;C:\Program Files (x86)\QuickTime\QTSystem\QTJava.zip;
PATH=C:\Program Files\Common Files\Oracle\Java\javapath;C:\app\KIM\product\18.0.0\dbhomeXE\bin;C:\app\KIM\product\21c\dbhomeXE\bin;C:\Program Files (x86)\H2\bin\bin;C:\Program Files\java\jdk-11.0.14\bin;C:\ProgramData\Anaconda3;C:\ProgramData\Anaconda3\Library\mingw-w64\bin;C:\ProgramData\Anaconda3\Library\usr\bin;C:\ProgramData\Anaconda3\Library\bin;C:\ProgramData\Anaconda3\Scripts;C:\WINDOWS\system32;C:\WINDOWS;C:\WINDOWS\System32\Wbem;C:\WINDOWS\System32\WindowsPowerShell\v1.0\;C:\WINDOWS\System32\OpenSSH\;C:\ProgramData\Microsoft\Windows\Start Menu\Programs\Python 3.7;D:\Git\cmd;C:\Program Files\nodejs\;D:\matlab\bin;C:\Program Files (x86)\QuickTime\QTSystem\;C:\ProgramData\chocolatey\bin;C:\ProgramData\chocolatey\lib\maven\apache-maven-3.8.2\bin;%ORACLE_HOME\bin%;C:\Program Files\MySQL\MySQL Server 8.0\bin;C:\Program Files (x86)\H2\bin\bin;C:\Program Files\java\jdk-11.0.14\bin;C:\ProgramData\Anaconda3;C:\ProgramData\Anaconda3\Library\mingw-w64\bin;C:\ProgramData\Anaconda3\Library\usr\bin;C:\ProgramData\Anaconda3\Library\bin;C:\ProgramData\Anaconda3\Scripts;C:\WINDOWS\system32;C:\WINDOWS;C:\WINDOWS\System32\Wbem;C:\WINDOWS\System32\WindowsPowerShell\v1.0\;C:\WINDOWS\System32\OpenSSH\;C:\ProgramData\Microsoft\Windows\Start Menu\Programs\Python 3.7;D:\Git\cmd;C:\Program Files\nodejs\;D:\matlab\bin;C:\Program Files (x86)\QuickTime\QTSystem\;C:\Users\KIM\AppData\Local\Microsoft\WindowsApps;C:\Users\KIM\AppData\Roaming\npm;C:\Users\KIM\AppData\Local\Programs\Microsoft VS Code\bin;D:\TomcatServer\apache-tomcat-8.5.72;
USERNAME=KIM
OS=Windows_NT
PROCESSOR_IDENTIFIER=Intel64 Family 6 Model 126 Stepping 5, GenuineIntel



---------------  S Y S T E M  ---------------

OS: Windows 10 , 64 bit Build 19041 (10.0.19041.1706)

CPU:total 8 (initial active 8) (4 cores per cpu, 2 threads per core) family 6 model 126 stepping 5, cmov, cx8, fxsr, mmx, sse, sse2, sse3, ssse3, sse4.1, sse4.2, popcnt, avx, avx2, aes, clmul, erms, 3dnowpref, lzcnt, ht, tsc, tscinvbit, bmi1, bmi2, adx, evex, sha, fma

Memory: 4k page, system-wide physical 16118M (5510M free)
TotalPageFile size 16118M (AvailPageFile size 168M)
current process WorkingSet (physical memory assigned to process): 10M, peak: 10M
current process commit charge ("private bytes"): 61M, peak: 312M

vm_info: OpenJDK 64-Bit Server VM (13.0.2+8) for windows-amd64 JRE (13.0.2+8), built on Dec 11 2019 09:20:05 by "mach5one" with unknown MS VC++:1916

END.
